# JRE version: OpenJDK Runtime Environment (7.0_79-b14) (build 1.7.0_79-b14)
# Java VM: OpenJDK Server VM (24.79-b02 mixed mode linux-x86 )
Heap
 PSYoungGen      total 71168K, used 8698K [0x9ddc0000, 0xa2dc0000, 0xb3340000)
  eden space 62464K, 0% used [0x9ddc0000,0x9ddc0000,0xa1ac0000)
  from space 8704K, 99% used [0xa1ac0000,0xa233eae8,0xa2340000)
  to   space 6656K, 0% used [0xa2340000,0xa2340000,0xa29c0000)
 ParOldGen       total 22784K, used 22568K [0x73340000, 0x74980000, 0x9ddc0000)
  object space 22784K, 99% used [0x73340000,0x7494a320,0x74980000)
 PSPermGen       total 16384K, used 4015K [0x6b340000, 0x6c340000, 0x73340000)
  object space 16384K, 24% used [0x6b340000,0x6b72bdb8,0x6c340000)
GC Heap History (10 events):
Event: 5.934 GC heap after
Heap after GC invocations=4 (full 0):
 PSYoungGen      total 17664K, used 1276K [0x9ddc0000, 0x9f040000, 0xb3340000)
  eden space 16384K, 0% used [0x9ddc0000,0x9ddc0000,0x9edc0000)
  from space 1280K, 99% used [0x9ef00000,0x9f03f070,0x9f040000)
  to   space 1280K, 0% used [0x9edc0000,0x9edc0000,0x9ef00000)
 ParOldGen       total 20992K, used 5181K [0x73340000, 0x747c0000, 0x9ddc0000)
  object space 20992K, 24% used [0x73340000,0x7384f640,0x747c0000)
 PSPermGen       total 16384K, used 3918K [0x6b340000, 0x6c340000, 0x73340000)
  object space 16384K, 23% used [0x6b340000,0x6b7138b0,0x6c340000)
}
Event: 6.622 GC heap before
{Heap before GC invocations=5 (full 0):
 PSYoungGen      total 17664K, used 17660K [0x9ddc0000, 0x9f040000, 0xb3340000)
  eden space 16384K, 100% used [0x9ddc0000,0x9edc0000,0x9edc0000)
  from space 1280K, 99% used [0x9ef00000,0x9f03f070,0x9f040000)
  to   space 1280K, 0% used [0x9edc0000,0x9edc0000,0x9ef00000)
 ParOldGen       total 20992K, used 5181K [0x73340000, 0x747c0000, 0x9ddc0000)
  object space 20992K, 24% used [0x73340000,0x7384f640,0x747c0000)
 PSPermGen       total 16384K, used 3939K [0x6b340000, 0x6c340000, 0x73340000)
  object space 16384K, 24% used [0x6b340000,0x6b718d28,0x6c340000)
Event: 6.644 GC heap after
Heap after GC invocations=5 (full 0):
 PSYoungGen      total 17664K, used 1273K [0x9ddc0000, 0xa0440000, 0xb3340000)
  eden space 16384K, 0% used [0x9ddc0000,0x9ddc0000,0x9edc0000)
  from space 1280K, 99% used [0x9edc0000,0x9eefe6f0,0x9ef00000)
  to   space 3328K, 0% used [0xa0100000,0xa0100000,0xa0440000)
 ParOldGen       total 20992K, used 7032K [0x73340000, 0x747c0000, 0x9ddc0000)
  object space 20992K, 33% used [0x73340000,0x73a1e1c8,0x747c0000)
 PSPermGen       total 16384K, used 3939K [0x6b340000, 0x6c340000, 0x73340000)
  object space 16384K, 24% used [0x6b340000,0x6b718d28,0x6c340000)
}
Event: 7.129 GC heap before
{Heap before GC invocations=6 (full 0):
 PSYoungGen      total 17664K, used 17657K [0x9ddc0000, 0xa0440000, 0xb3340000)
  eden space 16384K, 100% used [0x9ddc0000,0x9edc0000,0x9edc0000)
  from space 1280K, 99% used [0x9edc0000,0x9eefe6f0,0x9ef00000)
  to   space 3328K, 0% used [0xa0100000,0xa0100000,0xa0440000)
 ParOldGen       total 20992K, used 7032K [0x73340000, 0x747c0000, 0x9ddc0000)
  object space 20992K, 33% used [0x73340000,0x73a1e1c8,0x747c0000)
 PSPermGen       total 16384K, used 3955K [0x6b340000, 0x6c340000, 0x73340000)
  object space 16384K, 24% used [0x6b340000,0x6b71ced8,0x6c340000)
Event: 7.149 GC heap after
Heap after GC invocations=6 (full 0):
 PSYoungGen      total 35584K, used 3312K [0x9ddc0000, 0xa0540000, 0xb3340000)
  eden space 32256K, 0% used [0x9ddc0000,0x9ddc0000,0x9fd40000)
  from space 3328K, 99% used [0xa0100000,0xa043c278,0xa0440000)
  to   space 3840K, 0% used [0x9fd40000,0x9fd40000,0xa0100000)
 ParOldGen       total 20992K, used 7564K [0x73340000, 0x747c0000, 0x9ddc0000)
  object space 20992K, 36% used [0x73340000,0x73aa3318,0x747c0000)
 PSPermGen       total 16384K, used 3955K [0x6b340000, 0x6c340000, 0x73340000)
  object space 16384K, 24% used [0x6b340000,0x6b71ced8,0x6c340000)
}
Event: 8.764 GC heap before
{Heap before GC invocations=7 (full 0):
 PSYoungGen      total 35584K, used 35568K [0x9ddc0000, 0xa0540000, 0xb3340000)
  eden space 32256K, 100% used [0x9ddc0000,0x9fd40000,0x9fd40000)
  from space 3328K, 99% used [0xa0100000,0xa043c278,0xa0440000)
  to   space 3840K, 0% used [0x9fd40000,0x9fd40000,0xa0100000)
 ParOldGen       total 20992K, used 7564K [0x73340000, 0x747c0000, 0x9ddc0000)
  object space 20992K, 36% used [0x73340000,0x73aa3318,0x747c0000)
 PSPermGen       total 16384K, used 3980K [0x6b340000, 0x6c340000, 0x73340000)
  object space 16384K, 24% used [0x6b340000,0x6b7230f0,0x6c340000)
Event: 8.813 GC heap after
Heap after GC invocations=7 (full 0):
 PSYoungGen      total 36096K, used 3831K [0x9ddc0000, 0xa29c0000, 0xb3340000)
  eden space 32256K, 0% used [0x9ddc0000,0x9ddc0000,0x9fd40000)
  from space 3840K, 99% used [0x9fd40000,0xa00fdca0,0xa0100000)
  to   space 6656K, 0% used [0xa2340000,0xa2340000,0xa29c0000)
 ParOldGen       total 20992K, used 12234K [0x73340000, 0x747c0000, 0x9ddc0000)
  object space 20992K, 58% used [0x73340000,0x73f32908,0x747c0000)
 PSPermGen       total 16384K, used 3980K [0x6b340000, 0x6c340000, 0x73340000)
  object space 16384K, 24% used [0x6b340000,0x6b7230f0,0x6c340000)
}
Event: 9.893 GC heap before
{Heap before GC invocations=8 (full 0):
 PSYoungGen      total 36096K, used 36087K [0x9ddc0000, 0xa29c0000, 0xb3340000)
  eden space 32256K, 100% used [0x9ddc0000,0x9fd40000,0x9fd40000)
  from space 3840K, 99% used [0x9fd40000,0xa00fdca0,0xa0100000)
  to   space 6656K, 0% used [0xa2340000,0xa2340000,0xa29c0000)
 ParOldGen       total 20992K, used 12234K [0x73340000, 0x747c0000, 0x9ddc0000)
  object space 20992K, 58% used [0x73340000,0x73f32908,0x747c0000)
 PSPermGen       total 16384K, used 4000K [0x6b340000, 0x6c340000, 0x73340000)
  object space 16384K, 24% used [0x6b340000,0x6b728038,0x6c340000)
Event: 9.967 GC heap after
Heap after GC invocations=8 (full 0):
 PSYoungGen      total 69120K, used 6644K [0x9ddc0000, 0xa2dc0000, 0xb3340000)
  eden space 62464K, 0% used [0x9ddc0000,0x9ddc0000,0xa1ac0000)
  from space 6656K, 99% used [0xa2340000,0xa29bd1f0,0xa29c0000)
  to   space 8704K, 0% used [0xa1ac0000,0xa1ac0000,0xa2340000)
 ParOldGen       total 20992K, used 14833K [0x73340000, 0x747c0000, 0x9ddc0000)
  object space 20992K, 70% used [0x73340000,0x741bc6b8,0x747c0000)
 PSPermGen       total 16384K, used 4000K [0x6b340000, 0x6c340000, 0x73340000)
  object space 16384K, 24% used [0x6b340000,0x6b728038,0x6c340000)
}
Event: 11.845 GC heap before
{Heap before GC invocations=9 (full 0):
 PSYoungGen      total 69120K, used 69108K [0x9ddc0000, 0xa2dc0000, 0xb3340000)
  eden space 62464K, 100% used [0x9ddc0000,0xa1ac0000,0xa1ac0000)
  from space 6656K, 99% used [0xa2340000,0xa29bd1f0,0xa29c0000)
  to   space 8704K, 0% used [0xa1ac0000,0xa1ac0000,0xa2340000)
 ParOldGen       total 20992K, used 14833K [0x73340000, 0x747c0000, 0x9ddc0000)
  object space 20992K, 70% used [0x73340000,0x741bc6b8,0x747c0000)
 PSPermGen       total 16384K, used 4015K [0x6b340000, 0x6c340000, 0x73340000)
  object space 16384K, 24% used [0x6b340000,0x6b72bdb8,0x6c340000)

