# JRE version: OpenJDK Runtime Environment (7.0_79-b14) (build 1.7.0_79-b14)
# Java VM: OpenJDK Server VM (24.79-b02 mixed mode linux-x86 )
Heap
 PSYoungGen      total 72192K, used 7672K [0x9dd80000, 0xa2c80000, 0xb3300000)
  eden space 64512K, 0% used [0x9dd80000,0x9dd80000,0xa1c80000)
  from space 7680K, 99% used [0xa1c80000,0xa23fe050,0xa2400000)
  to   space 6656K, 0% used [0xa2400000,0xa2400000,0xa2a80000)
 ParOldGen       total 22016K, used 21820K [0x73300000, 0x74880000, 0x9dd80000)
  object space 22016K, 99% used [0x73300000,0x7484f110,0x74880000)
 PSPermGen       total 16384K, used 4009K [0x6b300000, 0x6c300000, 0x73300000)
  object space 16384K, 24% used [0x6b300000,0x6b6ea4f8,0x6c300000)
GC Heap History (10 events):
Event: 3.695 GC heap after
Heap after GC invocations=2 (full 0):
 PSYoungGen      total 17664K, used 1275K [0x9dd80000, 0x9f000000, 0xb3300000)
  eden space 16384K, 0% used [0x9dd80000,0x9dd80000,0x9ed80000)
  from space 1280K, 99% used [0x9eec0000,0x9effed48,0x9f000000)
  to   space 1280K, 0% used [0x9ed80000,0x9ed80000,0x9eec0000)
 ParOldGen       total 20992K, used 2655K [0x73300000, 0x74780000, 0x9dd80000)
  object space 20992K, 12% used [0x73300000,0x73597f30,0x74780000)
 PSPermGen       total 16384K, used 3830K [0x6b300000, 0x6c300000, 0x73300000)
  object space 16384K, 23% used [0x6b300000,0x6b6bd9f8,0x6c300000)
}
Event: 6.689 GC heap before
{Heap before GC invocations=3 (full 0):
 PSYoungGen      total 17664K, used 17659K [0x9dd80000, 0x9f000000, 0xb3300000)
  eden space 16384K, 100% used [0x9dd80000,0x9ed80000,0x9ed80000)
  from space 1280K, 99% used [0x9eec0000,0x9effed48,0x9f000000)
  to   space 1280K, 0% used [0x9ed80000,0x9ed80000,0x9eec0000)
 ParOldGen       total 20992K, used 2655K [0x73300000, 0x74780000, 0x9dd80000)
  object space 20992K, 12% used [0x73300000,0x73597f30,0x74780000)
 PSPermGen       total 16384K, used 3922K [0x6b300000, 0x6c300000, 0x73300000)
  object space 16384K, 23% used [0x6b300000,0x6b6d48a0,0x6c300000)
Event: 6.735 GC heap after
Heap after GC invocations=3 (full 0):
 PSYoungGen      total 17664K, used 1267K [0x9dd80000, 0xa0000000, 0xb3300000)
  eden space 16384K, 0% used [0x9dd80000,0x9dd80000,0x9ed80000)
  from space 1280K, 98% used [0x9ed80000,0x9eebcc00,0x9eec0000)
  to   space 1280K, 0% used [0x9fec0000,0x9fec0000,0xa0000000)
 ParOldGen       total 20992K, used 5180K [0x73300000, 0x74780000, 0x9dd80000)
  object space 20992K, 24% used [0x73300000,0x7380f098,0x74780000)
 PSPermGen       total 16384K, used 3922K [0x6b300000, 0x6c300000, 0x73300000)
  object space 16384K, 23% used [0x6b300000,0x6b6d48a0,0x6c300000)
}
Event: 7.978 GC heap before
{Heap before GC invocations=4 (full 0):
 PSYoungGen      total 17664K, used 17651K [0x9dd80000, 0xa0000000, 0xb3300000)
  eden space 16384K, 100% used [0x9dd80000,0x9ed80000,0x9ed80000)
  from space 1280K, 98% used [0x9ed80000,0x9eebcc00,0x9eec0000)
  to   space 1280K, 0% used [0x9fec0000,0x9fec0000,0xa0000000)
 ParOldGen       total 20992K, used 5180K [0x73300000, 0x74780000, 0x9dd80000)
  object space 20992K, 24% used [0x73300000,0x7380f098,0x74780000)
 PSPermGen       total 16384K, used 3951K [0x6b300000, 0x6c300000, 0x73300000)
  object space 16384K, 24% used [0x6b300000,0x6b6dbdb0,0x6c300000)
Event: 8.006 GC heap after
Heap after GC invocations=4 (full 0):
 PSYoungGen      total 34048K, used 1271K [0x9dd80000, 0xa0000000, 0xb3300000)
  eden space 32768K, 0% used [0x9dd80000,0x9dd80000,0x9fd80000)
  from space 1280K, 99% used [0x9fec0000,0x9fffdd98,0xa0000000)
  to   space 1280K, 0% used [0x9fd80000,0x9fd80000,0x9fec0000)
 ParOldGen       total 20992K, used 8023K [0x73300000, 0x74780000, 0x9dd80000)
  object space 20992K, 38% used [0x73300000,0x73ad5c08,0x74780000)
 PSPermGen       total 16384K, used 3951K [0x6b300000, 0x6c300000, 0x73300000)
  object space 16384K, 24% used [0x6b300000,0x6b6dbdb0,0x6c300000)
}
Event: 9.104 GC heap before
{Heap before GC invocations=5 (full 0):
 PSYoungGen      total 34048K, used 34039K [0x9dd80000, 0xa0000000, 0xb3300000)
  eden space 32768K, 100% used [0x9dd80000,0x9fd80000,0x9fd80000)
  from space 1280K, 99% used [0x9fec0000,0x9fffdd98,0xa0000000)
  to   space 1280K, 0% used [0x9fd80000,0x9fd80000,0x9fec0000)
 ParOldGen       total 20992K, used 8023K [0x73300000, 0x74780000, 0x9dd80000)
  object space 20992K, 38% used [0x73300000,0x73ad5c08,0x74780000)
 PSPermGen       total 16384K, used 3972K [0x6b300000, 0x6c300000, 0x73300000)
  object space 16384K, 24% used [0x6b300000,0x6b6e11c8,0x6c300000)
Event: 9.144 GC heap after
Heap after GC invocations=5 (full 0):
 PSYoungGen      total 34048K, used 1279K [0x9dd80000, 0xa2a80000, 0xb3300000)
  eden space 32768K, 0% used [0x9dd80000,0x9dd80000,0x9fd80000)
  from space 1280K, 99% used [0x9fd80000,0x9febfc08,0x9fec0000)
  to   space 6656K, 0% used [0xa2400000,0xa2400000,0xa2a80000)
 ParOldGen       total 20992K, used 13226K [0x73300000, 0x74780000, 0x9dd80000)
  object space 20992K, 63% used [0x73300000,0x73feaa10,0x74780000)
 PSPermGen       total 16384K, used 3972K [0x6b300000, 0x6c300000, 0x73300000)
  object space 16384K, 24% used [0x6b300000,0x6b6e11c8,0x6c300000)
}
Event: 10.192 GC heap before
{Heap before GC invocations=6 (full 0):
 PSYoungGen      total 34048K, used 34047K [0x9dd80000, 0xa2a80000, 0xb3300000)
  eden space 32768K, 100% used [0x9dd80000,0x9fd80000,0x9fd80000)
  from space 1280K, 99% used [0x9fd80000,0x9febfc08,0x9fec0000)
  to   space 6656K, 0% used [0xa2400000,0xa2400000,0xa2a80000)
 ParOldGen       total 20992K, used 13226K [0x73300000, 0x74780000, 0x9dd80000)
  object space 20992K, 63% used [0x73300000,0x73feaa10,0x74780000)
 PSPermGen       total 16384K, used 3988K [0x6b300000, 0x6c300000, 0x73300000)
  object space 16384K, 24% used [0x6b300000,0x6b6e5098,0x6c300000)
Event: 10.245 GC heap after
Heap after GC invocations=6 (full 0):
 PSYoungGen      total 71168K, used 6519K [0x9dd80000, 0xa2c80000, 0xb3300000)
  eden space 64512K, 0% used [0x9dd80000,0x9dd80000,0xa1c80000)
  from space 6656K, 97% used [0xa2400000,0xa2a5dd90,0xa2a80000)
  to   space 7680K, 0% used [0xa1c80000,0xa1c80000,0xa2400000)
 ParOldGen       total 20992K, used 13226K [0x73300000, 0x74780000, 0x9dd80000)
  object space 20992K, 63% used [0x73300000,0x73feaa10,0x74780000)
 PSPermGen       total 16384K, used 3988K [0x6b300000, 0x6c300000, 0x73300000)
  object space 16384K, 24% used [0x6b300000,0x6b6e5098,0x6c300000)
}
Event: 11.732 GC heap before
{Heap before GC invocations=7 (full 0):
 PSYoungGen      total 71168K, used 71031K [0x9dd80000, 0xa2c80000, 0xb3300000)
  eden space 64512K, 100% used [0x9dd80000,0xa1c80000,0xa1c80000)
  from space 6656K, 97% used [0xa2400000,0xa2a5dd90,0xa2a80000)
  to   space 7680K, 0% used [0xa1c80000,0xa1c80000,0xa2400000)
 ParOldGen       total 20992K, used 13226K [0x73300000, 0x74780000, 0x9dd80000)
  object space 20992K, 63% used [0x73300000,0x73feaa10,0x74780000)
 PSPermGen       total 16384K, used 4009K [0x6b300000, 0x6c300000, 0x73300000)
  object space 16384K, 24% used [0x6b300000,0x6b6ea4f8,0x6c300000)

