# JRE version: OpenJDK Runtime Environment (7.0_79-b14) (build 1.7.0_79-b14)
# Java VM: OpenJDK Server VM (24.79-b02 mixed mode linux-x86 )
Heap
 PSYoungGen      total 72448K, used 7924K [0x9dd40000, 0xa2cc0000, 0xb32c0000)
  eden space 64512K, 0% used [0x9dd40000,0x9dd40000,0xa1c40000)
  from space 7936K, 99% used [0xa1c40000,0xa23fd328,0xa2400000)
  to   space 6912K, 0% used [0xa2400000,0xa2400000,0xa2ac0000)
 ParOldGen       total 20992K, used 18264K [0x732c0000, 0x74740000, 0x9dd40000)
  object space 20992K, 87% used [0x732c0000,0x74496380,0x74740000)
 PSPermGen       total 16384K, used 5148K [0x6b2c0000, 0x6c2c0000, 0x732c0000)
  object space 16384K, 31% used [0x6b2c0000,0x6b7c7320,0x6c2c0000)
GC Heap History (10 events):
Event: 19.559 GC heap after
Heap after GC invocations=2 (full 0):
 PSYoungGen      total 17664K, used 1264K [0x9dd40000, 0x9efc0000, 0xb32c0000)
  eden space 16384K, 0% used [0x9dd40000,0x9dd40000,0x9ed40000)
  from space 1280K, 98% used [0x9ee80000,0x9efbc060,0x9efc0000)
  to   space 1280K, 0% used [0x9ed40000,0x9ed40000,0x9ee80000)
 ParOldGen       total 20992K, used 2065K [0x732c0000, 0x74740000, 0x9dd40000)
  object space 20992K, 9% used [0x732c0000,0x734c4668,0x74740000)
 PSPermGen       total 16384K, used 3543K [0x6b2c0000, 0x6c2c0000, 0x732c0000)
  object space 16384K, 21% used [0x6b2c0000,0x6b635fc8,0x6c2c0000)
}
Event: 21.769 GC heap before
{Heap before GC invocations=3 (full 0):
 PSYoungGen      total 17664K, used 17648K [0x9dd40000, 0x9efc0000, 0xb32c0000)
  eden space 16384K, 100% used [0x9dd40000,0x9ed40000,0x9ed40000)
  from space 1280K, 98% used [0x9ee80000,0x9efbc060,0x9efc0000)
  to   space 1280K, 0% used [0x9ed40000,0x9ed40000,0x9ee80000)
 ParOldGen       total 20992K, used 2065K [0x732c0000, 0x74740000, 0x9dd40000)
  object space 20992K, 9% used [0x732c0000,0x734c4668,0x74740000)
 PSPermGen       total 16384K, used 3618K [0x6b2c0000, 0x6c2c0000, 0x732c0000)
  object space 16384K, 22% used [0x6b2c0000,0x6b648838,0x6c2c0000)
Event: 21.828 GC heap after
Heap after GC invocations=3 (full 0):
 PSYoungGen      total 17664K, used 1278K [0x9dd40000, 0x9ffc0000, 0xb32c0000)
  eden space 16384K, 0% used [0x9dd40000,0x9dd40000,0x9ed40000)
  from space 1280K, 99% used [0x9ed40000,0x9ee7f9a0,0x9ee80000)
  to   space 1280K, 0% used [0x9fe80000,0x9fe80000,0x9ffc0000)
 ParOldGen       total 20992K, used 5140K [0x732c0000, 0x74740000, 0x9dd40000)
  object space 20992K, 24% used [0x732c0000,0x737c52c0,0x74740000)
 PSPermGen       total 16384K, used 3618K [0x6b2c0000, 0x6c2c0000, 0x732c0000)
  object space 16384K, 22% used [0x6b2c0000,0x6b648838,0x6c2c0000)
}
Event: 24.245 GC heap before
{Heap before GC invocations=4 (full 0):
 PSYoungGen      total 17664K, used 17662K [0x9dd40000, 0x9ffc0000, 0xb32c0000)
  eden space 16384K, 100% used [0x9dd40000,0x9ed40000,0x9ed40000)
  from space 1280K, 99% used [0x9ed40000,0x9ee7f9a0,0x9ee80000)
  to   space 1280K, 0% used [0x9fe80000,0x9fe80000,0x9ffc0000)
 ParOldGen       total 20992K, used 5140K [0x732c0000, 0x74740000, 0x9dd40000)
  object space 20992K, 24% used [0x732c0000,0x737c52c0,0x74740000)
 PSPermGen       total 16384K, used 3635K [0x6b2c0000, 0x6c2c0000, 0x732c0000)
  object space 16384K, 22% used [0x6b2c0000,0x6b64cea8,0x6c2c0000)
Event: 24.296 GC heap after
Heap after GC invocations=4 (full 0):
 PSYoungGen      total 34048K, used 1265K [0x9dd40000, 0x9ffc0000, 0xb32c0000)
  eden space 32768K, 0% used [0x9dd40000,0x9dd40000,0x9fd40000)
  from space 1280K, 98% used [0x9fe80000,0x9ffbc4c8,0x9ffc0000)
  to   space 1280K, 0% used [0x9fd40000,0x9fd40000,0x9fe80000)
 ParOldGen       total 20992K, used 8410K [0x732c0000, 0x74740000, 0x9dd40000)
  object space 20992K, 40% used [0x732c0000,0x73af69b8,0x74740000)
 PSPermGen       total 16384K, used 3635K [0x6b2c0000, 0x6c2c0000, 0x732c0000)
  object space 16384K, 22% used [0x6b2c0000,0x6b64cea8,0x6c2c0000)
}
Event: 26.830 GC heap before
{Heap before GC invocations=5 (full 0):
 PSYoungGen      total 34048K, used 34033K [0x9dd40000, 0x9ffc0000, 0xb32c0000)
  eden space 32768K, 100% used [0x9dd40000,0x9fd40000,0x9fd40000)
  from space 1280K, 98% used [0x9fe80000,0x9ffbc4c8,0x9ffc0000)
  to   space 1280K, 0% used [0x9fd40000,0x9fd40000,0x9fe80000)
 ParOldGen       total 20992K, used 8410K [0x732c0000, 0x74740000, 0x9dd40000)
  object space 20992K, 40% used [0x732c0000,0x73af69b8,0x74740000)
 PSPermGen       total 16384K, used 3665K [0x6b2c0000, 0x6c2c0000, 0x732c0000)
  object space 16384K, 22% used [0x6b2c0000,0x6b654498,0x6c2c0000)
Event: 26.934 GC heap after
Heap after GC invocations=5 (full 0):
 PSYoungGen      total 34048K, used 1274K [0x9dd40000, 0xa2ac0000, 0xb32c0000)
  eden space 32768K, 0% used [0x9dd40000,0x9dd40000,0x9fd40000)
  from space 1280K, 99% used [0x9fd40000,0x9fe7e888,0x9fe80000)
  to   space 6912K, 0% used [0xa2400000,0xa2400000,0xa2ac0000)
 ParOldGen       total 20992K, used 13163K [0x732c0000, 0x74740000, 0x9dd40000)
  object space 20992K, 62% used [0x732c0000,0x73f9ad10,0x74740000)
 PSPermGen       total 16384K, used 3665K [0x6b2c0000, 0x6c2c0000, 0x732c0000)
  object space 16384K, 22% used [0x6b2c0000,0x6b654498,0x6c2c0000)
}
Event: 47.179 GC heap before
{Heap before GC invocations=6 (full 0):
 PSYoungGen      total 34048K, used 34042K [0x9dd40000, 0xa2ac0000, 0xb32c0000)
  eden space 32768K, 100% used [0x9dd40000,0x9fd40000,0x9fd40000)
  from space 1280K, 99% used [0x9fd40000,0x9fe7e888,0x9fe80000)
  to   space 6912K, 0% used [0xa2400000,0xa2400000,0xa2ac0000)
 ParOldGen       total 20992K, used 13163K [0x732c0000, 0x74740000, 0x9dd40000)
  object space 20992K, 62% used [0x732c0000,0x73f9ad10,0x74740000)
 PSPermGen       total 16384K, used 4542K [0x6b2c0000, 0x6c2c0000, 0x732c0000)
  object space 16384K, 27% used [0x6b2c0000,0x6b72fac8,0x6c2c0000)
Event: 48.120 GC heap after
Heap after GC invocations=6 (full 0):
 PSYoungGen      total 71424K, used 6437K [0x9dd40000, 0xa2cc0000, 0xb32c0000)
  eden space 64512K, 0% used [0x9dd40000,0x9dd40000,0xa1c40000)
  from space 6912K, 93% used [0xa2400000,0xa2a49470,0xa2ac0000)
  to   space 7936K, 0% used [0xa1c40000,0xa1c40000,0xa2400000)
 ParOldGen       total 20992K, used 13163K [0x732c0000, 0x74740000, 0x9dd40000)
  object space 20992K, 62% used [0x732c0000,0x73f9ad10,0x74740000)
 PSPermGen       total 16384K, used 4542K [0x6b2c0000, 0x6c2c0000, 0x732c0000)
  object space 16384K, 27% used [0x6b2c0000,0x6b72fac8,0x6c2c0000)
}
Event: 97.020 GC heap before
{Heap before GC invocations=7 (full 0):
 PSYoungGen      total 71424K, used 70949K [0x9dd40000, 0xa2cc0000, 0xb32c0000)
  eden space 64512K, 100% used [0x9dd40000,0xa1c40000,0xa1c40000)
  from space 6912K, 93% used [0xa2400000,0xa2a49470,0xa2ac0000)
  to   space 7936K, 0% used [0xa1c40000,0xa1c40000,0xa2400000)
 ParOldGen       total 20992K, used 13163K [0x732c0000, 0x74740000, 0x9dd40000)
  object space 20992K, 62% used [0x732c0000,0x73f9ad10,0x74740000)
 PSPermGen       total 16384K, used 5148K [0x6b2c0000, 0x6c2c0000, 0x732c0000)
  object space 16384K, 31% used [0x6b2c0000,0x6b7c7320,0x6c2c0000)

