# JRE version: OpenJDK Runtime Environment (7.0_79-b14) (build 1.7.0_79-b14)
# Java VM: OpenJDK Server VM (24.79-b02 mixed mode linux-x86 )
Heap
 PSYoungGen      total 72448K, used 7920K [0x9dd80000, 0xa2d00000, 0xb3300000)
  eden space 64512K, 0% used [0x9dd80000,0x9dd80000,0xa1c80000)
  from space 7936K, 99% used [0xa1c80000,0xa243c1c0,0xa2440000)
  to   space 6912K, 0% used [0xa2440000,0xa2440000,0xa2b00000)
 ParOldGen       total 20992K, used 20978K [0x73300000, 0x74780000, 0x9dd80000)
  object space 20992K, 99% used [0x73300000,0x7477c818,0x74780000)
 PSPermGen       total 16384K, used 5154K [0x6b300000, 0x6c300000, 0x73300000)
  object space 16384K, 31% used [0x6b300000,0x6b808a10,0x6c300000)
GC Heap History (10 events):
Event: 7.332 GC heap after
Heap after GC invocations=2 (full 0):
 PSYoungGen      total 17664K, used 1264K [0x9dd80000, 0x9f000000, 0xb3300000)
  eden space 16384K, 0% used [0x9dd80000,0x9dd80000,0x9ed80000)
  from space 1280K, 98% used [0x9eec0000,0x9effc060,0x9f000000)
  to   space 1280K, 0% used [0x9ed80000,0x9ed80000,0x9eec0000)
 ParOldGen       total 20992K, used 2057K [0x73300000, 0x74780000, 0x9dd80000)
  object space 20992K, 9% used [0x73300000,0x735025a8,0x74780000)
 PSPermGen       total 16384K, used 3544K [0x6b300000, 0x6c300000, 0x73300000)
  object space 16384K, 21% used [0x6b300000,0x6b6760b8,0x6c300000)
}
Event: 8.471 GC heap before
{Heap before GC invocations=3 (full 0):
 PSYoungGen      total 17664K, used 17648K [0x9dd80000, 0x9f000000, 0xb3300000)
  eden space 16384K, 100% used [0x9dd80000,0x9ed80000,0x9ed80000)
  from space 1280K, 98% used [0x9eec0000,0x9effc060,0x9f000000)
  to   space 1280K, 0% used [0x9ed80000,0x9ed80000,0x9eec0000)
 ParOldGen       total 20992K, used 2057K [0x73300000, 0x74780000, 0x9dd80000)
  object space 20992K, 9% used [0x73300000,0x735025a8,0x74780000)
 PSPermGen       total 16384K, used 3620K [0x6b300000, 0x6c300000, 0x73300000)
  object space 16384K, 22% used [0x6b300000,0x6b6892d8,0x6c300000)
Event: 8.513 GC heap after
Heap after GC invocations=3 (full 0):
 PSYoungGen      total 17664K, used 1271K [0x9dd80000, 0xa0000000, 0xb3300000)
  eden space 16384K, 0% used [0x9dd80000,0x9dd80000,0x9ed80000)
  from space 1280K, 99% used [0x9ed80000,0x9eebdd50,0x9eec0000)
  to   space 1280K, 0% used [0x9fec0000,0x9fec0000,0xa0000000)
 ParOldGen       total 20992K, used 5137K [0x73300000, 0x74780000, 0x9dd80000)
  object space 20992K, 24% used [0x73300000,0x73804730,0x74780000)
 PSPermGen       total 16384K, used 3620K [0x6b300000, 0x6c300000, 0x73300000)
  object space 16384K, 22% used [0x6b300000,0x6b6892d8,0x6c300000)
}
Event: 9.427 GC heap before
{Heap before GC invocations=4 (full 0):
 PSYoungGen      total 17664K, used 17655K [0x9dd80000, 0xa0000000, 0xb3300000)
  eden space 16384K, 100% used [0x9dd80000,0x9ed80000,0x9ed80000)
  from space 1280K, 99% used [0x9ed80000,0x9eebdd50,0x9eec0000)
  to   space 1280K, 0% used [0x9fec0000,0x9fec0000,0xa0000000)
 ParOldGen       total 20992K, used 5137K [0x73300000, 0x74780000, 0x9dd80000)
  object space 20992K, 24% used [0x73300000,0x73804730,0x74780000)
 PSPermGen       total 16384K, used 3638K [0x6b300000, 0x6c300000, 0x73300000)
  object space 16384K, 22% used [0x6b300000,0x6b68dae0,0x6c300000)
Event: 9.460 GC heap after
Heap after GC invocations=4 (full 0):
 PSYoungGen      total 34048K, used 1277K [0x9dd80000, 0xa0000000, 0xb3300000)
  eden space 32768K, 0% used [0x9dd80000,0x9dd80000,0x9fd80000)
  from space 1280K, 99% used [0x9fec0000,0x9ffff528,0xa0000000)
  to   space 1280K, 0% used [0x9fd80000,0x9fd80000,0x9fec0000)
 ParOldGen       total 20992K, used 8452K [0x73300000, 0x74780000, 0x9dd80000)
  object space 20992K, 40% used [0x73300000,0x73b41208,0x74780000)
 PSPermGen       total 16384K, used 3638K [0x6b300000, 0x6c300000, 0x73300000)
  object space 16384K, 22% used [0x6b300000,0x6b68dae0,0x6c300000)
}
Event: 11.200 GC heap before
{Heap before GC invocations=5 (full 0):
 PSYoungGen      total 34048K, used 34045K [0x9dd80000, 0xa0000000, 0xb3300000)
  eden space 32768K, 100% used [0x9dd80000,0x9fd80000,0x9fd80000)
  from space 1280K, 99% used [0x9fec0000,0x9ffff528,0xa0000000)
  to   space 1280K, 0% used [0x9fd80000,0x9fd80000,0x9fec0000)
 ParOldGen       total 20992K, used 8452K [0x73300000, 0x74780000, 0x9dd80000)
  object space 20992K, 40% used [0x73300000,0x73b41208,0x74780000)
 PSPermGen       total 16384K, used 3670K [0x6b300000, 0x6c300000, 0x73300000)
  object space 16384K, 22% used [0x6b300000,0x6b6959b0,0x6c300000)
Event: 11.234 GC heap after
Heap after GC invocations=5 (full 0):
 PSYoungGen      total 34048K, used 1274K [0x9dd80000, 0xa2b00000, 0xb3300000)
  eden space 32768K, 0% used [0x9dd80000,0x9dd80000,0x9fd80000)
  from space 1280K, 99% used [0x9fd80000,0x9febe860,0x9fec0000)
  to   space 6912K, 0% used [0xa2440000,0xa2440000,0xa2b00000)
 ParOldGen       total 20992K, used 13269K [0x73300000, 0x74780000, 0x9dd80000)
  object space 20992K, 63% used [0x73300000,0x73ff55d8,0x74780000)
 PSPermGen       total 16384K, used 3670K [0x6b300000, 0x6c300000, 0x73300000)
  object space 16384K, 22% used [0x6b300000,0x6b6959b0,0x6c300000)
}
Event: 14.620 GC heap before
{Heap before GC invocations=6 (full 0):
 PSYoungGen      total 34048K, used 34042K [0x9dd80000, 0xa2b00000, 0xb3300000)
  eden space 32768K, 100% used [0x9dd80000,0x9fd80000,0x9fd80000)
  from space 1280K, 99% used [0x9fd80000,0x9febe860,0x9fec0000)
  to   space 6912K, 0% used [0xa2440000,0xa2440000,0xa2b00000)
 ParOldGen       total 20992K, used 13269K [0x73300000, 0x74780000, 0x9dd80000)
  object space 20992K, 63% used [0x73300000,0x73ff55d8,0x74780000)
 PSPermGen       total 16384K, used 4678K [0x6b300000, 0x6c300000, 0x73300000)
  object space 16384K, 28% used [0x6b300000,0x6b791970,0x6c300000)
Event: 14.665 GC heap after
Heap after GC invocations=6 (full 0):
 PSYoungGen      total 71424K, used 6652K [0x9dd80000, 0xa2d00000, 0xb3300000)
  eden space 64512K, 0% used [0x9dd80000,0x9dd80000,0xa1c80000)
  from space 6912K, 96% used [0xa2440000,0xa2abf1d0,0xa2b00000)
  to   space 7936K, 0% used [0xa1c80000,0xa1c80000,0xa2440000)
 ParOldGen       total 20992K, used 13269K [0x73300000, 0x74780000, 0x9dd80000)
  object space 20992K, 63% used [0x73300000,0x73ff55d8,0x74780000)
 PSPermGen       total 16384K, used 4678K [0x6b300000, 0x6c300000, 0x73300000)
  object space 16384K, 28% used [0x6b300000,0x6b791970,0x6c300000)
}
Event: 16.527 GC heap before
{Heap before GC invocations=7 (full 0):
 PSYoungGen      total 71424K, used 71164K [0x9dd80000, 0xa2d00000, 0xb3300000)
  eden space 64512K, 100% used [0x9dd80000,0xa1c80000,0xa1c80000)
  from space 6912K, 96% used [0xa2440000,0xa2abf1d0,0xa2b00000)
  to   space 7936K, 0% used [0xa1c80000,0xa1c80000,0xa2440000)
 ParOldGen       total 20992K, used 13269K [0x73300000, 0x74780000, 0x9dd80000)
  object space 20992K, 63% used [0x73300000,0x73ff55d8,0x74780000)
 PSPermGen       total 16384K, used 5154K [0x6b300000, 0x6c300000, 0x73300000)
  object space 16384K, 31% used [0x6b300000,0x6b808a10,0x6c300000)

