# JRE version: OpenJDK Runtime Environment (7.0_79-b14) (build 1.7.0_79-b14)
# Java VM: OpenJDK Server VM (24.79-b02 mixed mode linux-x86 )
Heap
 PSYoungGen      total 34048K, used 1274K [0x9ddc0000, 0xa0040000, 0xb3340000)
  eden space 32768K, 0% used [0x9ddc0000,0x9ddc0000,0x9fdc0000)
  from space 1280K, 99% used [0x9fdc0000,0x9fefea78,0x9ff00000)
  to   space 1280K, 0% used [0x9ff00000,0x9ff00000,0xa0040000)
 ParOldGen       total 20992K, used 12236K [0x73340000, 0x747c0000, 0x9ddc0000)
  object space 20992K, 58% used [0x73340000,0x73f33188,0x747c0000)
 PSPermGen       total 16384K, used 3665K [0x6b340000, 0x6c340000, 0x73340000)
  object space 16384K, 22% used [0x6b340000,0x6b6d45e0,0x6c340000)
GC Heap History (9 events):
Event: 4.744 GC heap before
{Heap before GC invocations=1 (full 0):
 PSYoungGen      total 9472K, used 8192K [0x9ddc0000, 0x9e840000, 0xb3340000)
  eden space 8192K, 100% used [0x9ddc0000,0x9e5c0000,0x9e5c0000)
  from space 1280K, 0% used [0x9e700000,0x9e700000,0x9e840000)
  to   space 1280K, 0% used [0x9e5c0000,0x9e5c0000,0x9e700000)
 ParOldGen       total 20992K, used 0K [0x73340000, 0x747c0000, 0x9ddc0000)
  object space 20992K, 0% used [0x73340000,0x73340000,0x747c0000)
 PSPermGen       total 16384K, used 3403K [0x6b340000, 0x6c340000, 0x73340000)
  object space 16384K, 20% used [0x6b340000,0x6b692eb0,0x6c340000)
Event: 4.868 GC heap after
Heap after GC invocations=1 (full 0):
 PSYoungGen      total 9472K, used 1279K [0x9ddc0000, 0x9f040000, 0xb3340000)
  eden space 8192K, 0% used [0x9ddc0000,0x9ddc0000,0x9e5c0000)
  from space 1280K, 99% used [0x9e5c0000,0x9e6ffd80,0x9e700000)
  to   space 1280K, 0% used [0x9ef00000,0x9ef00000,0x9f040000)
 ParOldGen       total 20992K, used 1186K [0x73340000, 0x747c0000, 0x9ddc0000)
  object space 20992K, 5% used [0x73340000,0x73468b88,0x747c0000)
 PSPermGen       total 16384K, used 3403K [0x6b340000, 0x6c340000, 0x73340000)
  object space 16384K, 20% used [0x6b340000,0x6b692eb0,0x6c340000)
}
Event: 20.929 GC heap before
{Heap before GC invocations=2 (full 0):
 PSYoungGen      total 9472K, used 9471K [0x9ddc0000, 0x9f040000, 0xb3340000)
  eden space 8192K, 100% used [0x9ddc0000,0x9e5c0000,0x9e5c0000)
  from space 1280K, 99% used [0x9e5c0000,0x9e6ffd80,0x9e700000)
  to   space 1280K, 0% used [0x9ef00000,0x9ef00000,0x9f040000)
 ParOldGen       total 20992K, used 1186K [0x73340000, 0x747c0000, 0x9ddc0000)
  object space 20992K, 5% used [0x73340000,0x73468b88,0x747c0000)
 PSPermGen       total 16384K, used 3541K [0x6b340000, 0x6c340000, 0x73340000)
  object space 16384K, 21% used [0x6b340000,0x6b6b5700,0x6c340000)
Event: 21.544 GC heap after
Heap after GC invocations=2 (full 0):
 PSYoungGen      total 17664K, used 1272K [0x9ddc0000, 0x9f040000, 0xb3340000)
  eden space 16384K, 0% used [0x9ddc0000,0x9ddc0000,0x9edc0000)
  from space 1280K, 99% used [0x9ef00000,0x9f03e070,0x9f040000)
  to   space 1280K, 0% used [0x9edc0000,0x9edc0000,0x9ef00000)
 ParOldGen       total 20992K, used 2087K [0x73340000, 0x747c0000, 0x9ddc0000)
  object space 20992K, 9% used [0x73340000,0x73549d40,0x747c0000)
 PSPermGen       total 16384K, used 3541K [0x6b340000, 0x6c340000, 0x73340000)
  object space 16384K, 21% used [0x6b340000,0x6b6b5700,0x6c340000)
}
Event: 24.874 GC heap before
{Heap before GC invocations=3 (full 0):
 PSYoungGen      total 17664K, used 17656K [0x9ddc0000, 0x9f040000, 0xb3340000)
  eden space 16384K, 100% used [0x9ddc0000,0x9edc0000,0x9edc0000)
  from space 1280K, 99% used [0x9ef00000,0x9f03e070,0x9f040000)
  to   space 1280K, 0% used [0x9edc0000,0x9edc0000,0x9ef00000)
 ParOldGen       total 20992K, used 2087K [0x73340000, 0x747c0000, 0x9ddc0000)
  object space 20992K, 9% used [0x73340000,0x73549d40,0x747c0000)
 PSPermGen       total 16384K, used 3616K [0x6b340000, 0x6c340000, 0x73340000)
  object space 16384K, 22% used [0x6b340000,0x6b6c8298,0x6c340000)
Event: 28.397 GC heap after
Heap after GC invocations=3 (full 0):
 PSYoungGen      total 17664K, used 1265K [0x9ddc0000, 0xa0040000, 0xb3340000)
  eden space 16384K, 0% used [0x9ddc0000,0x9ddc0000,0x9edc0000)
  from space 1280K, 98% used [0x9edc0000,0x9eefc5c8,0x9ef00000)
  to   space 1280K, 0% used [0x9ff00000,0x9ff00000,0xa0040000)
 ParOldGen       total 20992K, used 5156K [0x73340000, 0x747c0000, 0x9ddc0000)
  object space 20992K, 24% used [0x73340000,0x738490e8,0x747c0000)
 PSPermGen       total 16384K, used 3616K [0x6b340000, 0x6c340000, 0x73340000)
  object space 16384K, 22% used [0x6b340000,0x6b6c8298,0x6c340000)
}
Event: 32.249 GC heap before
{Heap before GC invocations=4 (full 0):
 PSYoungGen      total 17664K, used 17649K [0x9ddc0000, 0xa0040000, 0xb3340000)
  eden space 16384K, 100% used [0x9ddc0000,0x9edc0000,0x9edc0000)
  from space 1280K, 98% used [0x9edc0000,0x9eefc5c8,0x9ef00000)
  to   space 1280K, 0% used [0x9ff00000,0x9ff00000,0xa0040000)
 ParOldGen       total 20992K, used 5156K [0x73340000, 0x747c0000, 0x9ddc0000)
  object space 20992K, 24% used [0x73340000,0x738490e8,0x747c0000)
 PSPermGen       total 16384K, used 3635K [0x6b340000, 0x6c340000, 0x73340000)
  object space 16384K, 22% used [0x6b340000,0x6b6ccf60,0x6c340000)
Event: 32.417 GC heap after
Heap after GC invocations=4 (full 0):
 PSYoungGen      total 34048K, used 1274K [0x9ddc0000, 0xa0040000, 0xb3340000)
  eden space 32768K, 0% used [0x9ddc0000,0x9ddc0000,0x9fdc0000)
  from space 1280K, 99% used [0x9ff00000,0xa003ea78,0xa0040000)
  to   space 1280K, 0% used [0x9fdc0000,0x9fdc0000,0x9ff00000)
 ParOldGen       total 20992K, used 7928K [0x73340000, 0x747c0000, 0x9ddc0000)
  object space 20992K, 37% used [0x73340000,0x73afe130,0x747c0000)
 PSPermGen       total 16384K, used 3635K [0x6b340000, 0x6c340000, 0x73340000)
  object space 16384K, 22% used [0x6b340000,0x6b6ccf60,0x6c340000)
}
Event: 33.790 GC heap before
{Heap before GC invocations=5 (full 0):
 PSYoungGen      total 34048K, used 34042K [0x9ddc0000, 0xa0040000, 0xb3340000)
  eden space 32768K, 100% used [0x9ddc0000,0x9fdc0000,0x9fdc0000)
  from space 1280K, 99% used [0x9ff00000,0xa003ea78,0xa0040000)
  to   space 1280K, 0% used [0x9fdc0000,0x9fdc0000,0x9ff00000)
 ParOldGen       total 20992K, used 7928K [0x73340000, 0x747c0000, 0x9ddc0000)
  object space 20992K, 37% used [0x73340000,0x73afe130,0x747c0000)
 PSPermGen       total 16384K, used 3665K [0x6b340000, 0x6c340000, 0x73340000)
  object space 16384K, 22% used [0x6b340000,0x6b6d45e0,0x6c340000)

